"E:/Documents/GitHub/QuietDogMan/Content/Audio/Music/Ambler.uasset" 0
"E:/Documents/GitHub/QuietDogMan/Content/Audio/SFX/dog_sniff.uasset" 1
"E:/Documents/GitHub/QuietDogMan/Content/ThirdPersonBP/dogManRig_Skeleton.uasset" 2
"E:/Documents/GitHub/QuietDogMan/Content/ThirdPersonBP/ButtSniffSkinless.uasset" 3
"E:/Documents/GitHub/QuietDogMan/Content/ThirdPersonBP/IdleSkinless.uasset" 4
"E:/Documents/GitHub/QuietDogMan/Content/ThirdPersonBP/WalkingSkinless.uasset" 5
"E:/Documents/GitHub/QuietDogMan/Content/ThirdPersonBP/Blendspace_dogman_movement.uasset" 6
"E:/Documents/GitHub/QuietDogMan/Content/ThirdPersonBP/Crouching_Idle.uasset" 7
"E:/Documents/GitHub/QuietDogMan/Content/ThirdPersonBP/Sneaking_Forward.uasset" 8
"E:/Documents/GitHub/QuietDogMan/Content/ThirdPersonBP/Blendspace_dogman_sneak.uasset" 9
"E:/Documents/GitHub/QuietDogMan/Content/ThirdPersonBP/Dogman_animBP.uasset" 10
"../../../Engine/Content/EditorBlueprintResources/StandardMacros.uasset" 11
"E:/Documents/GitHub/QuietDogMan/Content/Blueprints/BPI.uasset" 12
"E:/Documents/GitHub/QuietDogMan/Content/Blueprints/CoworkerBB.uasset" 13
"E:/Documents/GitHub/QuietDogMan/Content/Sounds/strike.uasset" 14
"E:/Documents/GitHub/QuietDogMan/Content/UI/HUD.uasset" 15
"E:/Documents/GitHub/QuietDogMan/Content/ThirdPersonBP/Blueprints/ThirdPersonGameMode.uasset" 16
"E:/Documents/GitHub/QuietDogMan/Content/Blueprints/CheckForSniff.uasset" 17
"E:/Documents/GitHub/QuietDogMan/Content/Blueprints/ClearFocus.uasset" 18
"E:/Documents/GitHub/QuietDogMan/Content/Blueprints/FindRandomLocation.uasset" 19
"E:/Documents/GitHub/QuietDogMan/Content/Blueprints/Focus.uasset" 20
"E:/Documents/GitHub/QuietDogMan/Content/Blueprints/CoworkerBT.uasset" 21
"E:/Documents/GitHub/QuietDogMan/Content/Blueprints/CoworkerAI.uasset" 22
"E:/Documents/GitHub/QuietDogMan/Content/Blueprints/coworkerAnims/coworkerRigwBlinn_Skeleton.uasset" 23
"E:/Documents/GitHub/QuietDogMan/Content/Blueprints/coworkerAnims/coworkerIdle.uasset" 24
"E:/Documents/GitHub/QuietDogMan/Content/Blueprints/coworkerAnims/Walking.uasset" 25
"E:/Documents/GitHub/QuietDogMan/Content/Blueprints/coworkerAnims/CoworkerBlendSpace.uasset" 26
"E:/Documents/GitHub/QuietDogMan/Content/Textures/coworkerUDIM_1002_BaseColor.uasset" 27
"E:/Documents/GitHub/QuietDogMan/Content/Textures/coworkerUDIM_1002_Normal.uasset" 28
"E:/Documents/GitHub/QuietDogMan/Content/Textures/coworkerUDIM_1002_OcclusionRoughnessMetallic.uasset" 29
"E:/Documents/GitHub/QuietDogMan/Content/Materials/MAT_coworkerSkin.uasset" 30
"E:/Documents/GitHub/QuietDogMan/Content/Textures/coworkerUDIM_1001_BaseColor.uasset" 31
"E:/Documents/GitHub/QuietDogMan/Content/Textures/coworkerUDIM_1001_Normal.uasset" 32
"E:/Documents/GitHub/QuietDogMan/Content/Textures/coworkerUDIM_1001_OcclusionRoughnessMetallic.uasset" 33
"E:/Documents/GitHub/QuietDogMan/Content/Materials/MAT_coworkerSuit.uasset" 34
"E:/Documents/GitHub/QuietDogMan/Content/Blueprints/coworkerAnims/coworkerRigwBlinn_PhysicsAsset.uasset" 35
"E:/Documents/GitHub/QuietDogMan/Content/Blueprints/coworkerAnims/coworkerRigwBlinn.uasset" 36
"E:/Documents/GitHub/QuietDogMan/Content/Blueprints/CoworkerActor.uasset" 37
"E:/Documents/GitHub/QuietDogMan/Content/Blueprints/coworkerAnims/CoworkerAnimBP.uasset" 38
"E:/Documents/GitHub/QuietDogMan/Content/Textures/GreenCheck.uasset" 39
"E:/Documents/GitHub/QuietDogMan/Content/Textures/CheckSprite.uasset" 40
"E:/Documents/GitHub/QuietDogMan/Content/Blueprints/TylerCoworker.uasset" 41
"E:/Documents/GitHub/QuietDogMan/Content/Audio/SFX/dog_sniff_shorter.uasset" 42
"E:/Documents/GitHub/QuietDogMan/Content/Textures/dogManOBJUDIM_1001_BaseColor.uasset" 43
"E:/Documents/GitHub/QuietDogMan/Content/Textures/dogManOBJUDIM_1001_Normal.uasset" 44
"E:/Documents/GitHub/QuietDogMan/Content/Textures/dogManOBJUDIM_1001_OcclusionRoughnessMetallic.uasset" 45
"E:/Documents/GitHub/QuietDogMan/Content/Materials/MAT_dogManSkin.uasset" 46
"E:/Documents/GitHub/QuietDogMan/Content/Textures/dogManOBJUDIM_1002_BaseColor.uasset" 47
"E:/Documents/GitHub/QuietDogMan/Content/Textures/dogManOBJUDIM_1002_Normal.uasset" 48
"E:/Documents/GitHub/QuietDogMan/Content/Textures/dogManOBJUDIM_1002_OcclusionRoughnessMetallic.uasset" 49
"E:/Documents/GitHub/QuietDogMan/Content/Materials/MAT_dogManSuit.uasset" 50
"E:/Documents/GitHub/QuietDogMan/Content/ThirdPersonBP/dogManRig_PhysicsAsset.uasset" 51
"E:/Documents/GitHub/QuietDogMan/Content/ThirdPersonBP/dogManRig.uasset" 52
"E:/Documents/GitHub/QuietDogMan/Content/UI/PauseMenu.uasset" 53
"E:/Documents/GitHub/QuietDogMan/Content/ThirdPersonBP/Blueprints/ThirdPersonCharacter.uasset" 54
"E:/Documents/GitHub/QuietDogMan/Content/Materials/defaultMat.uasset" 55
"E:/Documents/GitHub/QuietDogMan/Content/Models/defaultMat.uasset" 56
"E:/Documents/GitHub/QuietDogMan/Content/Models/6_foot_man.uasset" 57
"E:/Documents/GitHub/QuietDogMan/Content/Blueprints/Coworker.uasset" 58
"E:/Documents/GitHub/QuietDogMan/Content/Blueprints/6_foot_man_Blueprint.uasset" 59
"E:/Documents/GitHub/QuietDogMan/Content/Blueprints/FindPlayerLocation.uasset" 60
"E:/Documents/GitHub/QuietDogMan/Content/Blueprints/GiveStrike.uasset" 61
"E:/Documents/GitHub/QuietDogMan/Content/Blueprints/ReturnToBusiness.uasset" 62
"E:/Documents/GitHub/QuietDogMan/Content/Blueprints/coworkerAnims/blinn1.uasset" 63
"E:/Documents/GitHub/QuietDogMan/Content/Blueprints/coworkerAnims/blinn2.uasset" 64
"E:/Documents/GitHub/QuietDogMan/Content/Blueprints/coworkerAnims/coworkerRigwBlinn_Anim.uasset" 65
"E:/Documents/GitHub/QuietDogMan/Content/Blueprints/coworkerAnims/Reacting.uasset" 66
"E:/Documents/GitHub/QuietDogMan/Content/Blueprints/coworkerAnims/Surprised.uasset" 67
"E:/Documents/GitHub/QuietDogMan/Content/Blueprints/coworkerAnims/Talking_At_Watercooler.uasset" 68
"E:/Documents/GitHub/QuietDogMan/Content/Blueprints/coworkerAnims/Weight_Shift.uasset" 69
"E:/Documents/GitHub/QuietDogMan/Content/Blueprints/VisionCone/TestingPawn.uasset" 70
"E:/Documents/GitHub/QuietDogMan/Content/Blueprints/VisionCone/VisionCone.uasset" 71
"E:/Documents/GitHub/QuietDogMan/Content/Geometry/Meshes/CubeMaterial.uasset" 72
"E:/Documents/GitHub/QuietDogMan/Content/Geometry/Meshes/1M_Cube_Chamfer.uasset" 73
"E:/Documents/GitHub/QuietDogMan/Content/Mannequin/Character/Mesh/UE4_Mannequin_Skeleton.uasset" 74
"E:/Documents/GitHub/QuietDogMan/Content/Mannequin/Animations/ThirdPersonJump_End.uasset" 75
"E:/Documents/GitHub/QuietDogMan/Content/Mannequin/Animations/ThirdPerson_Jump.uasset" 76
"E:/Documents/GitHub/QuietDogMan/Content/Mannequin/Animations/ThirdPersonJump_Loop.uasset" 77
"E:/Documents/GitHub/QuietDogMan/Content/Mannequin/Animations/ThirdPersonJump_Start.uasset" 78
"E:/Documents/GitHub/QuietDogMan/Content/Mannequin/Animations/ThirdPersonIdle.uasset" 79
"E:/Documents/GitHub/QuietDogMan/Content/Mannequin/Animations/ThirdPersonRun.uasset" 80
"E:/Documents/GitHub/QuietDogMan/Content/Mannequin/Animations/ThirdPersonWalk.uasset" 81
"E:/Documents/GitHub/QuietDogMan/Content/Mannequin/Animations/ThirdPerson_IdleRun_2D.uasset" 82
"E:/Documents/GitHub/QuietDogMan/Content/Mannequin/Animations/ThirdPerson_AnimBP.uasset" 83
"../../../Engine/Content/Functions/Engine_MaterialFunctions02/Utility/BlendAngleCorrectedNormals.uasset" 84
"../../../Engine/Content/Functions/MaterialLayerFunctions/MatLayerBlend_NormalBlend.uasset" 85
"../../../Engine/Content/Functions/MaterialLayerFunctions/MatLayerBlend_Simple.uasset" 86
"E:/Documents/GitHub/QuietDogMan/Content/Mannequin/Character/Materials/MaterialLayers/T_ML_Rubber_Blue_01_D.uasset" 87
"E:/Documents/GitHub/QuietDogMan/Content/Mannequin/Character/Materials/MaterialLayers/T_ML_Rubber_Blue_01_N.uasset" 88
"E:/Documents/GitHub/QuietDogMan/Content/Mannequin/Character/Materials/MaterialLayers/ML_GlossyBlack_Latex_UE4.uasset" 89
"E:/Documents/GitHub/QuietDogMan/Content/Mannequin/Character/Materials/MaterialLayers/ML_Plastic_Shiny_Beige.uasset" 90
"E:/Documents/GitHub/QuietDogMan/Content/Mannequin/Character/Textures/UE4_LOGO_CARD.uasset" 91
"E:/Documents/GitHub/QuietDogMan/Content/Mannequin/Character/Materials/MaterialLayers/ML_Plastic_Shiny_Beige_LOGO.uasset" 92
"E:/Documents/GitHub/QuietDogMan/Content/Mannequin/Character/Materials/MaterialLayers/T_ML_Aluminum01.uasset" 93
"E:/Documents/GitHub/QuietDogMan/Content/Mannequin/Character/Materials/MaterialLayers/T_ML_Aluminum01_N.uasset" 94
"E:/Documents/GitHub/QuietDogMan/Content/Mannequin/Character/Materials/MaterialLayers/ML_SoftMetal_UE4.uasset" 95
"E:/Documents/GitHub/QuietDogMan/Content/Mannequin/Character/Textures/UE4_Mannequin__normals.uasset" 96
"E:/Documents/GitHub/QuietDogMan/Content/Mannequin/Character/Textures/UE4_Mannequin_MAT_MASKA.uasset" 97
"E:/Documents/GitHub/QuietDogMan/Content/Mannequin/Character/Materials/M_UE4Man_Body.uasset" 98
"E:/Documents/GitHub/QuietDogMan/Content/Mannequin/Character/Textures/UE4Man_Logo_N.uasset" 99
"E:/Documents/GitHub/QuietDogMan/Content/Mannequin/Character/Materials/M_UE4Man_ChestLogo.uasset" 100
"E:/Documents/GitHub/QuietDogMan/Content/Mannequin/Character/Mesh/SK_Mannequin_PhysicsAsset.uasset" 101
"E:/Documents/GitHub/QuietDogMan/Content/Mannequin/Character/Mesh/SK_Mannequin.uasset" 102
"E:/Documents/GitHub/QuietDogMan/Content/Materials/MAT_Coffee.uasset" 103
"E:/Documents/GitHub/QuietDogMan/Content/Textures/coffeeMug_diffuse_PraiseBoss.uasset" 104
"E:/Documents/GitHub/QuietDogMan/Content/Materials/MAT_CoffeeMug_PraiseBoss.uasset" 105
"E:/Documents/GitHub/QuietDogMan/Content/Models/CoffeeMug_PraiseBoss.uasset" 106
"E:/Documents/GitHub/QuietDogMan/Content/Materials/MAT_Glass.uasset" 107
"E:/Documents/GitHub/QuietDogMan/Content/Models/MAT_Glass.uasset" 108
"E:/Documents/GitHub/QuietDogMan/Content/Models/MAT_Glass1.uasset" 109
"E:/Documents/GitHub/QuietDogMan/Content/Sounds/human_gasp_whenTheyCatchDogMan.uasset" 110
"E:/Documents/GitHub/QuietDogMan/Content/Audio/Music/potentialMusic1.uasset" 111
"E:/Documents/GitHub/QuietDogMan/Content/Sounds/potentialMusic1.uasset" 112
"E:/Documents/GitHub/QuietDogMan/Content/Audio/Music/potentialMusic2.uasset" 113
"E:/Documents/GitHub/QuietDogMan/Content/Sounds/potentialMusic2.uasset" 114
"E:/Documents/GitHub/QuietDogMan/Content/Audio/Music/potentialMusic3.uasset" 115
"E:/Documents/GitHub/QuietDogMan/Content/Sounds/potentialMusic3.uasset" 116
"E:/Documents/GitHub/QuietDogMan/Content/Audio/Music/potentialMusic4.uasset" 117
"E:/Documents/GitHub/QuietDogMan/Content/Sounds/potentialMusic4.uasset" 118
"E:/Documents/GitHub/QuietDogMan/Content/Audio/Music/PotentialMusic5.uasset" 119
"E:/Documents/GitHub/QuietDogMan/Content/Sounds/PotentialMusic5.uasset" 120
"E:/Documents/GitHub/QuietDogMan/Content/StarterContent/Materials/M_Basic_Wall.uasset" 121
"E:/Documents/GitHub/QuietDogMan/Content/StarterContent/Architecture/Pillar_50x500.uasset" 122
"E:/Documents/GitHub/QuietDogMan/Content/StarterContent/Architecture/Wall_400x300.uasset" 123
"E:/Documents/GitHub/QuietDogMan/Content/StarterContent/Architecture/Wall_400x400.uasset" 124
"E:/Documents/GitHub/QuietDogMan/Content/StarterContent/Architecture/Wall_500x500.uasset" 125
"E:/Documents/GitHub/QuietDogMan/Content/StarterContent/Architecture/Wall_Door_400x400.uasset" 126
"E:/Documents/GitHub/QuietDogMan/Content/StarterContent/Architecture/Wall_Window_400x400.uasset" 127
"E:/Documents/GitHub/QuietDogMan/Content/StarterContent/Audio/Collapse01.uasset" 128
"E:/Documents/GitHub/QuietDogMan/Content/StarterContent/Audio/Collapse02.uasset" 129
"E:/Documents/GitHub/QuietDogMan/Content/StarterContent/Audio/Explosion01.uasset" 130
"E:/Documents/GitHub/QuietDogMan/Content/StarterContent/Audio/Explosion02.uasset" 131
"E:/Documents/GitHub/QuietDogMan/Content/StarterContent/Audio/Fire01.uasset" 132
"E:/Documents/GitHub/QuietDogMan/Content/StarterContent/Audio/Fire_Sparks01.uasset" 133
"E:/Documents/GitHub/QuietDogMan/Content/StarterContent/Audio/Light01.uasset" 134
"E:/Documents/GitHub/QuietDogMan/Content/StarterContent/Audio/Light01_Cue.uasset" 135
"E:/Documents/GitHub/QuietDogMan/Content/StarterContent/Audio/Light02.uasset" 136
"E:/Documents/GitHub/QuietDogMan/Content/StarterContent/Audio/Light02_Cue.uasset" 137
"E:/Documents/GitHub/QuietDogMan/Content/StarterContent/Audio/Smoke01.uasset" 138
"E:/Documents/GitHub/QuietDogMan/Content/StarterContent/Audio/Starter_Birds01.uasset" 139
"E:/Documents/GitHub/QuietDogMan/Content/StarterContent/Audio/Starter_Music01.uasset" 140
"E:/Documents/GitHub/QuietDogMan/Content/StarterContent/Audio/Starter_Wind05.uasset" 141
"E:/Documents/GitHub/QuietDogMan/Content/StarterContent/Audio/Starter_Wind06.uasset" 142
"E:/Documents/GitHub/QuietDogMan/Content/StarterContent/Audio/Steam01.uasset" 143
"E:/Documents/GitHub/QuietDogMan/Content/StarterContent/Audio/Explosion_Cue.uasset" 144
"E:/Documents/GitHub/QuietDogMan/Content/StarterContent/Textures/T_Burst_M.uasset" 145
"E:/Documents/GitHub/QuietDogMan/Content/StarterContent/Particles/Materials/M_Burst.uasset" 146
"E:/Documents/GitHub/QuietDogMan/Content/StarterContent/Textures/T_Explosion_SubUV.uasset" 147
"E:/Documents/GitHub/QuietDogMan/Content/StarterContent/Particles/Materials/M_explosion_subUV.uasset" 148
"E:/Documents/GitHub/QuietDogMan/Content/StarterContent/Particles/Materials/m_flare_01.uasset" 149
"../../../Engine/Content/Functions/Engine_MaterialFunctions01/Gradient/RadialGradient.uasset" 150
"E:/Documents/GitHub/QuietDogMan/Content/StarterContent/Particles/Materials/M_radial_ramp.uasset" 151
"E:/Documents/GitHub/QuietDogMan/Content/StarterContent/Textures/T_Smoke_SubUV.uasset" 152
"E:/Documents/GitHub/QuietDogMan/Content/StarterContent/Textures/T_Smoke_Tiled_D.uasset" 153
"E:/Documents/GitHub/QuietDogMan/Content/StarterContent/Particles/Materials/M_smoke_subUV.uasset" 154
"E:/Documents/GitHub/QuietDogMan/Content/StarterContent/Particles/P_Explosion.uasset" 155
"E:/Documents/GitHub/QuietDogMan/Content/StarterContent/Blueprints/Blueprint_Effect_Explosion.uasset" 156
"../../../Engine/Content/EditorMeshes/ColorCalibrator/T_ColorGrid.uasset" 157
"E:/Documents/GitHub/QuietDogMan/Content/StarterContent/Materials/M_ColorGrid_LowSpec.uasset" 158
"E:/Documents/GitHub/QuietDogMan/Content/StarterContent/Particles/P_CoffeeSteam.uasset" 159
"E:/Documents/GitHub/QuietDogMan/Content/StarterContent/Textures/T_Bush_D.uasset" 160
"E:/Documents/GitHub/QuietDogMan/Content/StarterContent/Textures/T_Bush_N.uasset" 161
"E:/Documents/GitHub/QuietDogMan/Content/StarterContent/Props/Materials/M_Bush.uasset" 162
"E:/Documents/GitHub/QuietDogMan/Content/StarterContent/Props/SM_Bush.uasset" 163
"E:/Documents/GitHub/QuietDogMan/Content/StarterContent/Textures/T_Chair_M.uasset" 164
"E:/Documents/GitHub/QuietDogMan/Content/StarterContent/Textures/T_Chair_N.uasset" 165
"E:/Documents/GitHub/QuietDogMan/Content/StarterContent/Props/Materials/M_Chair.uasset" 166
"E:/Documents/GitHub/QuietDogMan/Content/StarterContent/Props/SM_Couch.uasset" 167
"E:/Documents/GitHub/QuietDogMan/Content/StarterContent/Materials/M_Glass.uasset" 168
"E:/Documents/GitHub/QuietDogMan/Content/StarterContent/Textures/T_Door_M.uasset" 169
"E:/Documents/GitHub/QuietDogMan/Content/StarterContent/Textures/T_Door_N.uasset" 170
"E:/Documents/GitHub/QuietDogMan/Content/StarterContent/Props/Materials/M_Door.uasset" 171
"E:/Documents/GitHub/QuietDogMan/Content/StarterContent/Props/SM_Door.uasset" 172
"E:/Documents/GitHub/QuietDogMan/Content/StarterContent/Props/Materials/M_MaterialSphere.uasset" 173
"E:/Documents/GitHub/QuietDogMan/Content/StarterContent/Props/Materials/M_MaterialSphere_Plain.uasset" 174
"E:/Documents/GitHub/QuietDogMan/Content/StarterContent/Props/SM_MatPreviewMesh_02.uasset" 175
"E:/Documents/GitHub/QuietDogMan/Content/StarterContent/Textures/T_Detail_Rocky_N.uasset" 176
"E:/Documents/GitHub/QuietDogMan/Content/StarterContent/Textures/T_Rock_Basalt_D.uasset" 177
"E:/Documents/GitHub/QuietDogMan/Content/StarterContent/Textures/T_RockMesh_M.uasset" 178
"E:/Documents/GitHub/QuietDogMan/Content/StarterContent/Textures/T_RockMesh_N.uasset" 179
"E:/Documents/GitHub/QuietDogMan/Content/StarterContent/Props/Materials/M_Rock.uasset" 180
"E:/Documents/GitHub/QuietDogMan/Content/StarterContent/Props/SM_Rock.uasset" 181
"E:/Documents/GitHub/QuietDogMan/Content/StarterContent/Textures/T_Shelf_M.uasset" 182
"E:/Documents/GitHub/QuietDogMan/Content/StarterContent/Textures/T_Shelf_N.uasset" 183
"E:/Documents/GitHub/QuietDogMan/Content/StarterContent/Props/Materials/M_Shelf.uasset" 184
"E:/Documents/GitHub/QuietDogMan/Content/StarterContent/Props/SM_Shelf.uasset" 185
"E:/Documents/GitHub/QuietDogMan/Content/StarterContent/Materials/M_Basic_Floor.uasset" 186
"E:/Documents/GitHub/QuietDogMan/Content/StarterContent/Props/SM_Stairs.uasset" 187
"E:/Documents/GitHub/QuietDogMan/Content/StarterContent/Shapes/Shape_Cone.uasset" 188
"E:/Documents/GitHub/QuietDogMan/Content/StarterContent/Shapes/Shape_Cylinder.uasset" 189
"E:/Documents/GitHub/QuietDogMan/Content/StarterContent/Shapes/Shape_NarrowCapsule.uasset" 190
"E:/Documents/GitHub/QuietDogMan/Content/StarterContent/Shapes/Shape_Pipe.uasset" 191
"E:/Documents/GitHub/QuietDogMan/Content/StarterContent/Shapes/Shape_Pipe_180.uasset" 192
"E:/Documents/GitHub/QuietDogMan/Content/StarterContent/Shapes/Shape_Pipe_90.uasset" 193
"E:/Documents/GitHub/QuietDogMan/Content/StarterContent/Shapes/Shape_Plane.uasset" 194
"E:/Documents/GitHub/QuietDogMan/Content/StarterContent/Shapes/Shape_Torus.uasset" 195
"E:/Documents/GitHub/QuietDogMan/Content/StarterContent/Shapes/Shape_Trim.uasset" 196
"E:/Documents/GitHub/QuietDogMan/Content/StarterContent/Shapes/Shape_Trim_90_In.uasset" 197
"E:/Documents/GitHub/QuietDogMan/Content/StarterContent/Shapes/Shape_Trim_90_Out.uasset" 198
"E:/Documents/GitHub/QuietDogMan/Content/StarterContent/Shapes/Shape_TriPyramid.uasset" 199
"E:/Documents/GitHub/QuietDogMan/Content/StarterContent/Shapes/Shape_Tube.uasset" 200
"E:/Documents/GitHub/QuietDogMan/Content/StarterContent/Shapes/Shape_Wedge_A.uasset" 201
"E:/Documents/GitHub/QuietDogMan/Content/StarterContent/Shapes/Shape_Wedge_B.uasset" 202
"E:/Documents/GitHub/QuietDogMan/Content/StarterContent/Shapes/Shape_WideCapsule.uasset" 203
"E:/Documents/GitHub/QuietDogMan/Content/Textures/coworkerUDIM_1001_AlbedoTransparency.uasset" 204
"E:/Documents/GitHub/QuietDogMan/Content/Textures/coworkerUDIM_1001_MetallicSmoothness.uasset" 205
"E:/Documents/GitHub/QuietDogMan/Content/Textures/coworkerUDIM_1002_AlbedoTransparency.uasset" 206
"E:/Documents/GitHub/QuietDogMan/Content/Textures/coworkerUDIM_1002_MetallicSmoothness.uasset" 207
"E:/Documents/GitHub/QuietDogMan/Content/Textures/QuietDogManButton.uasset" 208
"E:/Documents/GitHub/QuietDogMan/Content/ThirdPerson/Meshes/RampMaterial.uasset" 209
"E:/Documents/GitHub/QuietDogMan/Content/ThirdPerson/Meshes/Bump_StaticMesh.uasset" 210
"E:/Documents/GitHub/QuietDogMan/Content/ThirdPerson/Meshes/LeftArm_StaticMesh.uasset" 211
"E:/Documents/GitHub/QuietDogMan/Content/ThirdPerson/Meshes/Linear_Stair_StaticMesh.uasset" 212
"E:/Documents/GitHub/QuietDogMan/Content/ThirdPerson/Meshes/Ramp_StaticMesh.uasset" 213
"E:/Documents/GitHub/QuietDogMan/Content/ThirdPerson/Meshes/RightArm_StaticMesh.uasset" 214
"E:/Documents/GitHub/QuietDogMan/Content/ThirdPersonBP/Blendspace_dogman.uasset" 215
"E:/Documents/GitHub/QuietDogMan/Content/ThirdPersonBP/ThirdPersonOverview.uasset" 216
"E:/Documents/GitHub/QuietDogMan/Content/WinLoseScreens/dogManLoseScreen1Text.uasset" 217
"E:/Documents/GitHub/QuietDogMan/Content/WinLoseScreens/dogManLoseScreen2Text.uasset" 218
"E:/Documents/GitHub/QuietDogMan/Content/WinLoseScreens/dogManWinScreenText.uasset" 219
"../../../Engine/Content/Animation/DefaultAnimCurveCompressionSettings.uasset" 220
"../../../Engine/Content/Functions/Engine_MaterialFunctions01/Opacity/CameraDepthFade.uasset" 221
"../../../Engine/Content/EngineMaterials/T_Default_Material_Grid_M.uasset" 222
"../../../Engine/Content/EngineMaterials/T_Default_Material_Grid_N.uasset" 223
"../../../Engine/Content/EngineMaterials/WorldGridMaterial.uasset" 224
"../../../Engine/Content/ArtTools/RenderToTexture/Meshes/S_1_Unit_Plane.uasset" 225
"../../../Engine/Content/EngineMaterials/DefaultMaterial.uasset" 226
"../../../Engine/Content/BasicShapes/Cone.uasset" 227
"../../../Engine/Content/BasicShapes/Cube.uasset" 228
"../../../Engine/Content/BasicShapes/Cylinder.uasset" 229
"../../../Engine/Content/BasicShapes/Plane.uasset" 230
"../../../Engine/Content/BasicShapes/Sphere.uasset" 231
"../../../Engine/Content/EditorLandscapeResources/DataLayer.uasset" 232
"../../../Engine/Content/EditorMaterials/GizmoMaterial.uasset" 233
"../../../Engine/Content/EditorMaterials/MAT_Groups_Toggle.uasset" 234
"../../../Engine/Content/EditorMaterials/MAT_Groups_Visibility.uasset" 235
"../../../Engine/Content/EditorMaterials/PreviewShadowIndicator.uasset" 236
"../../../Engine/Content/EditorMaterials/PreviewShadowIndicatorMaterial.uasset" 237
"../../../Engine/Content/EditorMaterials/MatineeGroups/MAT_ColorTrack.uasset" 238
"../../../Engine/Content/EditorMaterials/MatineeGroups/MAT_Groups_Anim.uasset" 239
"../../../Engine/Content/EditorMaterials/MatineeGroups/MAT_Groups_AudioMaster.uasset" 240
"../../../Engine/Content/EditorMaterials/MatineeGroups/MAT_Groups_Director.uasset" 241
"../../../Engine/Content/EditorMaterials/MatineeGroups/MAT_Groups_Event.uasset" 242
"../../../Engine/Content/EditorMaterials/MatineeGroups/MAT_Groups_Fade.uasset" 243
"../../../Engine/Content/EditorMaterials/MatineeGroups/MAT_Groups_Float.uasset" 244
"../../../Engine/Content/EditorMaterials/MatineeGroups/MAT_Groups_Move.uasset" 245
"../../../Engine/Content/EditorMaterials/MatineeGroups/MAT_Groups_Slomo.uasset" 246
"../../../Engine/Content/EditorMaterials/MatineeGroups/MAT_Groups_Sound.uasset" 247
"../../../Engine/Content/EditorMaterials/MatineeGroups/MAT_Groups_Vector.uasset" 248
"../../../Engine/Content/EditorMaterials/ParticleSystems/PSysThumbnail_NoImage.uasset" 249
"../../../Engine/Content/EditorMaterials/ParticleSystems/PSysThumbnail_OOD.uasset" 250
"../../../Engine/Content/EditorMaterials/Camera/CineMat.uasset" 251
"../../../Engine/Content/EditorMaterials/Camera/MI_CineMat_Rig.uasset" 252
"../../../Engine/Content/EditorMeshes/Camera/SM_CraneRig_Arm.uasset" 253
"../../../Engine/Content/EditorMeshes/Camera/SM_CraneRig_Base.uasset" 254
"../../../Engine/Content/EditorMeshes/Camera/SM_CraneRig_Body.uasset" 255
"../../../Engine/Content/EditorMeshes/Camera/SM_CraneRig_Mount.uasset" 256
"../../../Engine/Content/EditorMeshes/Camera/SM_RailRig_Mount.uasset" 257
"../../../Engine/Content/EditorMeshes/Camera/SM_RailRig_Track.uasset" 258
"../../../Engine/Content/EditorResources/BSPVertex.uasset" 259
"../../../Engine/Content/EditorResources/EmptyActor.uasset" 260
"../../../Engine/Content/EditorResources/S_Actor.uasset" 261
"../../../Engine/Content/EditorResources/S_Note.uasset" 262
"../../../Engine/Content/EditorResources/S_Solver.uasset" 263
"../../../Engine/Content/EditorResources/S_Trigger.uasset" 264
"../../../Engine/Content/EditorResources/AudioIcons/S_AudioComponent.uasset" 265
"../../../Engine/Content/EditorResources/AudioIcons/S_AudioComponent_AutoActivate.uasset" 266
"../../../Engine/Content/EditorResources/LightIcons/S_LightError.uasset" 267
"../../../Engine/Content/EditorResources/SequenceRecorder/Countdown.uasset" 268
"../../../Engine/Content/EditorResources/SequenceRecorder/RecordingIndicator.uasset" 269
"../../../Engine/Content/EditorSounds/Notifications/CompileFailed.uasset" 270
"../../../Engine/Content/EditorSounds/Notifications/CompileFailed_Cue.uasset" 271
"../../../Engine/Content/EditorSounds/Notifications/CompileSuccess.uasset" 272
"../../../Engine/Content/EditorSounds/Notifications/CompileStart_Cue.uasset" 273
"../../../Engine/Content/EditorSounds/Notifications/CompileSuccess_Cue.uasset" 274
"../../../Engine/Content/EngineDamageTypes/DmgTypeBP_Environmental.uasset" 275
"../../../Engine/Content/EngineDebugMaterials/HeatmapGradient.uasset" 276
"../../../Engine/Content/EngineDebugMaterials/BoneWeightMaterial.uasset" 277
"../../../Engine/Content/EngineDebugMaterials/ClothMaterial.uasset" 278
"../../../Engine/Content/EngineDebugMaterials/ClothMaterial_WF.uasset" 279
"../../../Engine/Content/EngineDebugMaterials/DebugEditorMaterial.uasset" 280
"../../../Engine/Content/EngineDebugMaterials/DebugMeshMaterial.uasset" 281
"../../../Engine/Content/EngineDebugMaterials/GeomMaterial.uasset" 282
"../../../Engine/Content/EngineDebugMaterials/M_SimpleTranslucent.uasset" 283
"../../../Engine/Content/Functions/Engine_MaterialFunctions02/Utility/CameraDirectionVector.uasset" 284
"../../../Engine/Content/EngineDebugMaterials/VolumeToRender.uasset" 285
"../../../Engine/Content/EngineDebugMaterials/M_VolumeRenderSphereTracePP.uasset" 286
"../../../Engine/Content/EngineDebugMaterials/WireframeMaterial.uasset" 287
"../../../Engine/Content/EngineFonts/Faces/RobotoBold.uasset" 288
"../../../Engine/Content/EngineFonts/Faces/RobotoBoldItalic.uasset" 289
"../../../Engine/Content/EngineFonts/Faces/RobotoItalic.uasset" 290
"../../../Engine/Content/EngineFonts/Faces/RobotoLight.uasset" 291
"../../../Engine/Content/EngineFonts/Faces/RobotoRegular.uasset" 292
"../../../Engine/Content/EngineFonts/Roboto.uasset" 293
"../../../Engine/Content/EngineFonts/Faces/RobotoTiny.uasset" 294
"../../../Engine/Content/EngineFonts/RobotoTiny.uasset" 295
"../../../Engine/Content/EngineMaterials/BaseFlattenDiffuseMap.uasset" 296
"../../../Engine/Content/EngineMaterials/BaseFlattenEmissiveMap.uasset" 297
"../../../Engine/Content/EngineMaterials/BaseFlattenGrayscaleMap.uasset" 298
"../../../Engine/Content/EngineMaterials/BaseFlattenNormalMap.uasset" 299
"../../../Engine/Content/EngineMaterials/BaseFlattenMaterial.uasset" 300
"../../../Engine/Content/EngineMaterials/BlueNoise.uasset" 301
"../../../Engine/Content/EngineMaterials/DefaultBloomKernel.uasset" 302
"../../../Engine/Content/EngineMaterials/DefaultBokeh.uasset" 303
"../../../Engine/Content/EngineMaterials/DefaultDiffuse.uasset" 304
"../../../Engine/Content/EngineMaterials/DefaultDeferredDecalMaterial.uasset" 305
"../../../Engine/Content/EngineMaterials/DefaultLightFunctionMaterial.uasset" 306
"../../../Engine/Content/EngineMaterials/DefaultPhysicalMaterial.uasset" 307
"../../../Engine/Content/Functions/Engine_MaterialFunctions02/Utility/BreakOutFloat2Components.uasset" 308
"../../../Engine/Content/EngineMaterials/DefaultPostProcessMaterial.uasset" 309
"../../../Engine/Content/EngineFonts/RobotoDistanceField.uasset" 310
"../../../Engine/Content/EngineMaterials/DefaultTextMaterialOpaque.uasset" 311
"../../../Engine/Content/EngineMaterials/DefaultVirtualTextureMaterial.uasset" 312
"../../../Engine/Content/EngineMaterials/DefaultWhiteGrid.uasset" 313
"../../../Engine/Content/EngineMaterials/EditorBrushMaterial.uasset" 314
"../../../Engine/Content/EngineMaterials/DefaultWhiteGrid_Low.uasset" 315
"../../../Engine/Content/EngineMaterials/EmissiveMeshMaterial.uasset" 316
"../../../Engine/Content/EngineMaterials/Good64x64TilingNoiseHighFreq.uasset" 317
"../../../Engine/Content/EngineMaterials/MiniFont.uasset" 318
"../../../Engine/Content/EngineMaterials/InvalidLightmapSettings.uasset" 319
"../../../Engine/Content/EngineMaterials/M_InvalidLightmapSettings.uasset" 320
"../../../Engine/Content/Functions/Engine_MaterialFunctions02/WorldPositionOffset/CameraOffset.uasset" 321
"../../../Engine/Content/EngineMaterials/PhAT_JointLimitMaterial.uasset" 322
"../../../Engine/Content/EngineMaterials/PreintegratedSkinBRDF.uasset" 323
"../../../Engine/Content/EngineMaterials/RemoveSurfaceMaterial.uasset" 324
"../../../Engine/Content/EngineMaterials/WeightMapPlaceholderTexture.uasset" 325
"../../../Engine/Content/EngineResources/WhiteSquareTexture.uasset" 326
"../../../Engine/Content/EngineMaterials/Widget3DPassThrough.uasset" 327
"../../../Engine/Content/EngineMaterials/Widget3DPassThrough_Masked.uasset" 328
"../../../Engine/Content/EngineMaterials/Widget3DPassThrough_Opaque.uasset" 329
"../../../Engine/Content/EngineMaterials/Widget3DPassThrough_Masked_OneSided.uasset" 330
"../../../Engine/Content/EngineMaterials/Widget3DPassThrough_Opaque_OneSided.uasset" 331
"../../../Engine/Content/EngineMaterials/Widget3DPassThrough_Translucent.uasset" 332
"../../../Engine/Content/EngineMaterials/Widget3DPassThrough_Translucent_OneSided.uasset" 333
"../../../Engine/Content/EngineMeshes/Cylinder.uasset" 334
"../../../Engine/Content/EngineMeshes/Sphere.uasset" 335
"../../../Engine/Content/EngineResources/Black.uasset" 336
"../../../Engine/Content/EngineResources/DefaultTexture.uasset" 337
"../../../Engine/Content/EngineResources/DefaultTextureCube.uasset" 338
"../../../Engine/Content/EngineResources/DefaultVolumeTexture2D.uasset" 339
"../../../Engine/Content/EngineResources/DefaultVolumeTexture.uasset" 340
"../../../Engine/Content/EngineResources/GradientTexture0.uasset" 341
"../../../Engine/Content/EngineSounds/Master.uasset" 342
"../../../Engine/Content/Functions/Engine_MaterialFunctions01/Shading/ConvertFromDiffSpec.uasset" 343
"../../../Engine/Content/Functions/Engine_MaterialFunctions01/Shading/PowerToRoughness.uasset" 344
"../../../Engine/Content/Maps/Templates/Thumbnails/Default.uasset" 345
"../../../Engine/Content/Maps/Templates/Thumbnails/VR-Basic.uasset" 346
"../../../Engine/Content/MobileResources/T_MobileControls_texture.uasset" 347
"../../../Engine/Content/MobileResources/T_MobileMenu2.uasset" 348
"../../../Engine/Content/MobileResources/HUD/AnalogHat.uasset" 349
"../../../Engine/Content/MobileResources/HUD/VirtualJoystick_Background.uasset" 350
"../../../Engine/Content/MobileResources/HUD/VirtualJoystick_Thumb.uasset" 351
"../../../Engine/Content/MobileResources/HUD/DefaultVirtualJoysticks.uasset" 352
"../../../Engine/Content/MobileResources/HUD/LeftVirtualJoystickOnly.uasset" 353
"../../../Engine/Content/MobileResources/HUD/MobileHUDButton1_off.uasset" 354
"../../../Engine/Content/MobileResources/HUD/MobileHUDButton1_on.uasset" 355
"../../../Engine/Content/MobileResources/HUD/MobileHUDButton2_off.uasset" 356
"../../../Engine/Content/MobileResources/HUD/MobileHUDButton2_on.uasset" 357
"../../../Engine/Content/MobileResources/HUD/MobileHUDButton3.uasset" 358
"../../../Engine/Content/MobileResources/HUD/MobileHUDButtonFire.uasset" 359
"../../../Engine/Content/MobileResources/HUD/MobileHUDDirectionPad.uasset" 360
"../../../Engine/Content/MobileResources/HUD/MobileHUDDirectionPad2.uasset" 361
"../../../Engine/Content/MobileResources/HUD/MobileHUDDirectionPad3.uasset" 362
"../../../Engine/Content/MobileResources/HUD/MobileHUDDirectionStick.uasset" 363
"../../../Engine/Content/MobileResources/HUD/T_Castle_ThumbstickInner.uasset" 364
"../../../Engine/Content/MobileResources/HUD/T_Castle_ThumbstickOutter.uasset" 365
"../../../Engine/Content/Tutorial/ContentIntroCurve.uasset" 366
"../../../Engine/Content/Tutorial/Basics/LevelEditorAttract.uasset" 367
"../../../Engine/Content/Tutorial/Basics/TutorialAssets/icon_tab_Levels_40x.uasset" 368
"../../../Engine/Content/Tutorial/Basics/LevelEditorOverview.uasset" 369
"../../../Engine/Content/Tutorial/BlueprintTutorials/TutorialAssets/Blueprint_64x.uasset" 370
"../../../Engine/Content/Tutorial/BlueprintTutorials/BlueprintEditorTutorial.uasset" 371
"../../../Engine/Content/VREditor/LaserPointer/VR_LaserPower_01.uasset" 372
"../../../Engine/Content/VREditor/TransformGizmo/TransformGizmoMaterial.uasset" 373
"../../../Engine/Content/VREditor/TransformGizmo/TranslucentTransformGizmoMaterial.uasset" 374
"../../../Engine/Content/VREditor/TransformGizmo/BoundingBoxCorner.uasset" 375
"../../../Engine/Content/VREditor/TransformGizmo/BoundingBoxEdge.uasset" 376
"../../../Engine/Content/VREditor/TransformGizmo/PlaneTranslationHandle.uasset" 377
"../../../Engine/Content/VREditor/TransformGizmo/Main.uasset" 378
"../../../Engine/Content/VREditor/TransformGizmo/Xray.uasset" 379
"../../../Engine/Content/VREditor/TransformGizmo/SM_Sequencer_Key.uasset" 380
"../../../Engine/Content/VREditor/TransformGizmo/SM_Sequencer_Node.uasset" 381
"../../Plugins/2D/Paper2D/Content/PlaceholderTextures/DummySpriteTexture.uasset" 382
"../../Plugins/2D/Paper2D/Content/DummySprite.uasset" 383
"../../Plugins/2D/Paper2D/Content/DefaultPaperTerrainMaterial.uasset" 384
"../../Plugins/2D/Paper2D/Content/DummySpriteTexture.uasset" 385
"../../Plugins/2D/Paper2D/Content/DefaultSpriteMaterial.uasset" 386
"../../Plugins/2D/Paper2D/Content/MaskedUnlitSpriteMaterial.uasset" 387
"../../Plugins/2D/Paper2D/Content/OpaqueUnlitSpriteMaterial.uasset" 388
"../../Plugins/Runtime/Oculus/OculusVR/Content/OculusMR_RenderTarget.uasset" 389
"../../../Engine/Content/Functions/Engine_MaterialFunctions02/Utility/BreakOutFloat4Components.uasset" 390
"../../../Engine/Content/Functions/Engine_MaterialFunctions02/Utility/MakeFloat2.uasset" 391
"../../../Engine/Content/Functions/Engine_MaterialFunctions02/Utility/MakeFloat3.uasset" 392
"../../Plugins/Runtime/Oculus/OculusVR/Content/Materials/OculusMR_ChromaKey.uasset" 393
"../../Plugins/Runtime/Oculus/OculusVR/Content/Materials/OculusMR_ChromaKey_Lit.uasset" 394
"../../Plugins/Runtime/Oculus/OculusVR/Content/Materials/OculusMR_OpaqueColoredMaterial.uasset" 395
"../../Plugins/Runtime/Oculus/OculusVR/Content/Materials/OculusMR_WhiteMaterial.uasset" 396
"E:/Documents/GitHub/QuietDogMan/Content/StarterContent/Blueprints/Assets/FogBrightnessLUT.uasset" 397
"E:/Documents/GitHub/QuietDogMan/Content/StarterContent/Blueprints/Assets/SunlightColorLUT.uasset" 398
"E:/Documents/GitHub/QuietDogMan/Content/StarterContent/Blueprints/Assets/M_LightStage_Arrows.uasset" 399
"../../../Engine/Content/MapTemplates/Sky/DaylightAmbientCubemap.uasset" 400
"E:/Documents/GitHub/QuietDogMan/Content/StarterContent/Blueprints/Assets/M_LightStage_Skybox_Master.uasset" 401
"E:/Documents/GitHub/QuietDogMan/Content/StarterContent/Blueprints/Assets/M_LightStage_Skybox_Black.uasset" 402
"E:/Documents/GitHub/QuietDogMan/Content/StarterContent/Blueprints/Assets/M_LightStage_Skybox_HDRI.uasset" 403
"../../../Engine/Content/EditorMaterials/Thumbnails/SkySphereMaterial.uasset" 404
"E:/Documents/GitHub/QuietDogMan/Content/StarterContent/Blueprints/Assets/Skybox.uasset" 405
"E:/Documents/GitHub/QuietDogMan/Content/StarterContent/Blueprints/Assets/SM_Arrows.uasset" 406
"E:/Documents/GitHub/QuietDogMan/Content/StarterContent/HDRI/HDRI_Epic_Courtyard_Daylight.uasset" 407
"E:/Documents/GitHub/QuietDogMan/Content/StarterContent/Blueprints/BP_LightStudio.uasset" 408
"E:/Documents/GitHub/QuietDogMan/Content/StarterContent/Maps/Advanced_Lighting_BuiltData.uasset" 409
"E:/Documents/GitHub/QuietDogMan/Content/StarterContent/Materials/M_AssetPlatform.uasset" 410
"../../../Engine/Content/EditorMeshes/ColorCalibrator/M_ChromeBall.uasset" 411
"../../../Engine/Content/EditorMeshes/ColorCalibrator/M_ClearCoat.uasset" 412
"../../../Engine/Content/EditorMeshes/ColorCalibrator/M_ClearCoatBlack.uasset" 413
"../../../Engine/Content/EditorMeshes/ColorCalibrator/Color_checker.uasset" 414
"../../../Engine/Content/EditorMeshes/ColorCalibrator/M_ColorGrid.uasset" 415
"../../../Engine/Content/EditorMeshes/ColorCalibrator/M_GreyBall.uasset" 416
"../../../Engine/Content/EditorMeshes/ColorCalibrator/SM_ColorCalibrator.uasset" 417
"E:/Documents/GitHub/QuietDogMan/Content/StarterContent/Architecture/SM_AssetPlatform.uasset" 418
"E:/Documents/GitHub/QuietDogMan/Content/StarterContent/Maps/Advanced_Lighting.umap" 419
"../../../Engine/Content/EngineSky/C_Sky_Cloud_Color.uasset" 420
"../../../Engine/Content/EngineSky/C_Sky_Horizon_Color.uasset" 421
"../../../Engine/Content/EngineSky/C_Sky_Zenith_Color.uasset" 422
"../../../Engine/Content/EngineSky/T_Sky_Blue.uasset" 423
"../../../Engine/Content/EngineSky/T_Sky_Clouds_M.uasset" 424
"../../../Engine/Content/EngineSky/T_Sky_Stars.uasset" 425
"../../../Engine/Content/EngineSky/M_Sky_Panning_Clouds2.uasset" 426
"../../../Engine/Content/EngineSky/SM_SkySphere.uasset" 427
"../../../Engine/Content/EngineSky/BP_Sky_Sphere.uasset" 428
"E:/Documents/GitHub/QuietDogMan/Content/StarterContent/Maps/Minimal_Default_BuiltData.uasset" 429
"E:/Documents/GitHub/QuietDogMan/Content/StarterContent/Textures/T_MacroVariation.uasset" 430
"E:/Documents/GitHub/QuietDogMan/Content/StarterContent/Materials/M_Metal_Brushed_Nickel.uasset" 431
"E:/Documents/GitHub/QuietDogMan/Content/StarterContent/Textures/T_Metal_Aluminum_D.uasset" 432
"E:/Documents/GitHub/QuietDogMan/Content/StarterContent/Textures/T_Metal_Gold_N.uasset" 433
"E:/Documents/GitHub/QuietDogMan/Content/StarterContent/Materials/M_Metal_Burnished_Steel.uasset" 434
"E:/Documents/GitHub/QuietDogMan/Content/StarterContent/Textures/T_Metal_Copper_D.uasset" 435
"E:/Documents/GitHub/QuietDogMan/Content/StarterContent/Materials/M_Metal_Copper.uasset" 436
"E:/Documents/GitHub/QuietDogMan/Content/StarterContent/Textures/T_Statue_M.uasset" 437
"E:/Documents/GitHub/QuietDogMan/Content/StarterContent/Textures/T_Statue_N.uasset" 438
"E:/Documents/GitHub/QuietDogMan/Content/StarterContent/Props/Materials/M_StatueGlass.uasset" 439
"E:/Documents/GitHub/QuietDogMan/Content/StarterContent/Architecture/Floor_400x400.uasset" 440
"E:/Documents/GitHub/QuietDogMan/Content/StarterContent/Audio/Starter_Background_Cue.uasset" 441
"E:/Documents/GitHub/QuietDogMan/Content/StarterContent/Props/SM_Chair.uasset" 442
"E:/Documents/GitHub/QuietDogMan/Content/StarterContent/Props/Materials/M_Statue.uasset" 443
"E:/Documents/GitHub/QuietDogMan/Content/StarterContent/Props/SM_Statue.uasset" 444
"E:/Documents/GitHub/QuietDogMan/Content/StarterContent/Textures/T_TableRound_M.uasset" 445
"E:/Documents/GitHub/QuietDogMan/Content/StarterContent/Textures/T_TableRound_N.uasset" 446
"E:/Documents/GitHub/QuietDogMan/Content/StarterContent/Props/Materials/M_TableRound.uasset" 447
"E:/Documents/GitHub/QuietDogMan/Content/StarterContent/Props/SM_TableRound.uasset" 448
"E:/Documents/GitHub/QuietDogMan/Content/StarterContent/Maps/Minimal_Default.umap" 449
"E:/Documents/GitHub/QuietDogMan/Content/StarterContent/Audio/Fire01_Cue.uasset" 450
"E:/Documents/GitHub/QuietDogMan/Content/StarterContent/Textures/T_Fire_SubUV.uasset" 451
"E:/Documents/GitHub/QuietDogMan/Content/StarterContent/Textures/T_Fire_Tiled_D.uasset" 452
"E:/Documents/GitHub/QuietDogMan/Content/StarterContent/Particles/Materials/M_Fire_SubUV.uasset" 453
"E:/Documents/GitHub/QuietDogMan/Content/StarterContent/Textures/T_Water_N.uasset" 454
"E:/Documents/GitHub/QuietDogMan/Content/StarterContent/Particles/Materials/M_Heat_Distortion.uasset" 455
"E:/Documents/GitHub/QuietDogMan/Content/StarterContent/Particles/Materials/M_Radial_Gradient.uasset" 456
"E:/Documents/GitHub/QuietDogMan/Content/StarterContent/Particles/P_Fire.uasset" 457
"E:/Documents/GitHub/QuietDogMan/Content/StarterContent/Blueprints/Blueprint_Effect_Fire.uasset" 458
"E:/Documents/GitHub/QuietDogMan/Content/StarterContent/Audio/Smoke01_Cue.uasset" 459
"E:/Documents/GitHub/QuietDogMan/Content/StarterContent/Particles/P_Smoke.uasset" 460
"E:/Documents/GitHub/QuietDogMan/Content/StarterContent/Blueprints/Blueprint_Effect_Smoke.uasset" 461
"E:/Documents/GitHub/QuietDogMan/Content/StarterContent/Audio/Fire_Sparks01_Cue.uasset" 462
"E:/Documents/GitHub/QuietDogMan/Content/StarterContent/Textures/T_Spark_Core.uasset" 463
"E:/Documents/GitHub/QuietDogMan/Content/StarterContent/Particles/Materials/M_Spark.uasset" 464
"E:/Documents/GitHub/QuietDogMan/Content/StarterContent/Particles/P_Sparks.uasset" 465
"E:/Documents/GitHub/QuietDogMan/Content/StarterContent/Blueprints/Blueprint_Effect_Sparks.uasset" 466
"E:/Documents/GitHub/QuietDogMan/Content/StarterContent/Audio/Steam01_Cue.uasset" 467
"E:/Documents/GitHub/QuietDogMan/Content/StarterContent/Particles/P_Steam_Lit.uasset" 468
"E:/Documents/GitHub/QuietDogMan/Content/StarterContent/Blueprints/Blueprint_Effect_Steam.uasset" 469
"E:/Documents/GitHub/QuietDogMan/Content/StarterContent/Textures/T_Lamp_M.uasset" 470
"E:/Documents/GitHub/QuietDogMan/Content/StarterContent/Textures/T_Lamp_N.uasset" 471
"E:/Documents/GitHub/QuietDogMan/Content/StarterContent/Props/Materials/M_Lamp.uasset" 472
"E:/Documents/GitHub/QuietDogMan/Content/StarterContent/Props/SM_Lamp_Ceiling.uasset" 473
"E:/Documents/GitHub/QuietDogMan/Content/StarterContent/Blueprints/Blueprint_CeilingLight.uasset" 474
"E:/Documents/GitHub/QuietDogMan/Content/StarterContent/Props/SM_Lamp_Wall.uasset" 475
"E:/Documents/GitHub/QuietDogMan/Content/StarterContent/Blueprints/Blueprint_WallSconce.uasset" 476
"E:/Documents/GitHub/QuietDogMan/Content/StarterContent/Maps/StarterMap_BuiltData.uasset" 477
"../../../Engine/Content/Functions/Engine_MaterialFunctions03/Procedurals/ComputeFilterWidth.uasset" 478
"../../../Engine/Content/EngineMaterials/AntiAliasedTextMaterialTranslucent.uasset" 479
"E:/Documents/GitHub/QuietDogMan/Content/StarterContent/Textures/T_Brick_Clay_Beveled_D.uasset" 480
"E:/Documents/GitHub/QuietDogMan/Content/StarterContent/Textures/T_Brick_Clay_Beveled_M.uasset" 481
"E:/Documents/GitHub/QuietDogMan/Content/StarterContent/Textures/T_Brick_Clay_Beveled_N.uasset" 482
"E:/Documents/GitHub/QuietDogMan/Content/StarterContent/Materials/M_Brick_Clay_Beveled.uasset" 483
"E:/Documents/GitHub/QuietDogMan/Content/StarterContent/Textures/T_Brick_Clay_New_D.uasset" 484
"E:/Documents/GitHub/QuietDogMan/Content/StarterContent/Textures/T_Brick_Clay_New_M.uasset" 485
"E:/Documents/GitHub/QuietDogMan/Content/StarterContent/Textures/T_Brick_Clay_New_N.uasset" 486
"E:/Documents/GitHub/QuietDogMan/Content/StarterContent/Materials/M_Brick_Clay_New.uasset" 487
"E:/Documents/GitHub/QuietDogMan/Content/StarterContent/Textures/T_Brick_Clay_Old_D.uasset" 488
"E:/Documents/GitHub/QuietDogMan/Content/StarterContent/Textures/T_Brick_Clay_Old_N.uasset" 489
"E:/Documents/GitHub/QuietDogMan/Content/StarterContent/Textures/T_Perlin_Noise_M.uasset" 490
"E:/Documents/GitHub/QuietDogMan/Content/StarterContent/Materials/M_Brick_Clay_Old.uasset" 491
"E:/Documents/GitHub/QuietDogMan/Content/StarterContent/Textures/T_Brick_Cut_Stone_D.uasset" 492
"E:/Documents/GitHub/QuietDogMan/Content/StarterContent/Textures/T_Brick_Cut_Stone_N.uasset" 493
"E:/Documents/GitHub/QuietDogMan/Content/StarterContent/Materials/M_Brick_Cut_Stone.uasset" 494
"E:/Documents/GitHub/QuietDogMan/Content/StarterContent/Textures/T_Brick_Hewn_Stone_D.uasset" 495
"E:/Documents/GitHub/QuietDogMan/Content/StarterContent/Textures/T_Brick_Hewn_Stone_M.uasset" 496
"E:/Documents/GitHub/QuietDogMan/Content/StarterContent/Textures/T_Brick_Hewn_Stone_N.uasset" 497
"E:/Documents/GitHub/QuietDogMan/Content/StarterContent/Materials/M_Brick_Hewn_Stone.uasset" 498
"E:/Documents/GitHub/QuietDogMan/Content/StarterContent/Textures/T_Ceramic_Tile_M.uasset" 499
"E:/Documents/GitHub/QuietDogMan/Content/StarterContent/Textures/T_Ceramic_Tile_N.uasset" 500
"E:/Documents/GitHub/QuietDogMan/Content/StarterContent/Textures/T_Rock_Marble_Polished_D.uasset" 501
"E:/Documents/GitHub/QuietDogMan/Content/StarterContent/Materials/M_Ceramic_Tile_Checker.uasset" 502
"E:/Documents/GitHub/QuietDogMan/Content/StarterContent/Textures/T_CobbleStone_Pebble_D.uasset" 503
"E:/Documents/GitHub/QuietDogMan/Content/StarterContent/Textures/T_CobbleStone_Pebble_M.uasset" 504
"E:/Documents/GitHub/QuietDogMan/Content/StarterContent/Textures/T_CobbleStone_Pebble_N.uasset" 505
"E:/Documents/GitHub/QuietDogMan/Content/StarterContent/Materials/M_CobbleStone_Pebble.uasset" 506
"E:/Documents/GitHub/QuietDogMan/Content/StarterContent/Textures/T_CobbleStone_Rough_D.uasset" 507
"E:/Documents/GitHub/QuietDogMan/Content/StarterContent/Textures/T_CobbleStone_Rough_N.uasset" 508
"E:/Documents/GitHub/QuietDogMan/Content/StarterContent/Textures/T_Gradinet_01.uasset" 509
"E:/Documents/GitHub/QuietDogMan/Content/StarterContent/Textures/T_Rock_Smooth_Granite_D.uasset" 510
"E:/Documents/GitHub/QuietDogMan/Content/StarterContent/Materials/M_CobbleStone_Rough.uasset" 511
"E:/Documents/GitHub/QuietDogMan/Content/StarterContent/Textures/T_CobbleStone_Smooth_D.uasset" 512
"E:/Documents/GitHub/QuietDogMan/Content/StarterContent/Textures/T_CobbleStone_Smooth_M.uasset" 513
"E:/Documents/GitHub/QuietDogMan/Content/StarterContent/Textures/T_CobbleStone_Smooth_N.uasset" 514
"E:/Documents/GitHub/QuietDogMan/Content/StarterContent/Materials/M_CobbleStone_Smooth.uasset" 515
"E:/Documents/GitHub/QuietDogMan/Content/StarterContent/Textures/T_Concrete_Grime_D.uasset" 516
"E:/Documents/GitHub/QuietDogMan/Content/StarterContent/Textures/T_Metal_Rust_N.uasset" 517
"E:/Documents/GitHub/QuietDogMan/Content/StarterContent/Materials/M_Concrete_Grime.uasset" 518
"E:/Documents/GitHub/QuietDogMan/Content/StarterContent/Textures/T_Concrete_Panels_D.uasset" 519
"E:/Documents/GitHub/QuietDogMan/Content/StarterContent/Textures/T_Concrete_Panels_N.uasset" 520
"E:/Documents/GitHub/QuietDogMan/Content/StarterContent/Materials/M_Concrete_Panels.uasset" 521
"E:/Documents/GitHub/QuietDogMan/Content/StarterContent/Textures/T_Concrete_Poured_D.uasset" 522
"E:/Documents/GitHub/QuietDogMan/Content/StarterContent/Textures/T_Concrete_Poured_N.uasset" 523
"E:/Documents/GitHub/QuietDogMan/Content/StarterContent/Materials/M_Concrete_Poured.uasset" 524
"E:/Documents/GitHub/QuietDogMan/Content/StarterContent/Textures/T_Concrete_Tiles_D.uasset" 525
"E:/Documents/GitHub/QuietDogMan/Content/StarterContent/Textures/T_Concrete_Tiles_M.uasset" 526
"E:/Documents/GitHub/QuietDogMan/Content/StarterContent/Textures/T_Concrete_Tiles_N.uasset" 527
"E:/Documents/GitHub/QuietDogMan/Content/StarterContent/Textures/T_Concrete_Tiles_Variation_M.uasset" 528
"E:/Documents/GitHub/QuietDogMan/Content/StarterContent/Materials/M_Concrete_Tiles.uasset" 529
"E:/Documents/GitHub/QuietDogMan/Content/StarterContent/Textures/T_Ground_Grass_D.uasset" 530
"E:/Documents/GitHub/QuietDogMan/Content/StarterContent/Textures/T_Ground_Grass_N.uasset" 531
"E:/Documents/GitHub/QuietDogMan/Content/StarterContent/Materials/M_Ground_Grass.uasset" 532
"E:/Documents/GitHub/QuietDogMan/Content/StarterContent/Textures/T_Ground_Gravel_D.uasset" 533
"E:/Documents/GitHub/QuietDogMan/Content/StarterContent/Textures/T_Ground_Gravel_N.uasset" 534
"E:/Documents/GitHub/QuietDogMan/Content/StarterContent/Materials/M_Ground_Gravel.uasset" 535
"E:/Documents/GitHub/QuietDogMan/Content/StarterContent/Textures/T_ground_Moss_D.uasset" 536
"E:/Documents/GitHub/QuietDogMan/Content/StarterContent/Textures/T_Ground_Moss_N.uasset" 537
"E:/Documents/GitHub/QuietDogMan/Content/StarterContent/Materials/M_Ground_Moss.uasset" 538
"E:/Documents/GitHub/QuietDogMan/Content/StarterContent/Materials/M_Metal_Chrome.uasset" 539
"E:/Documents/GitHub/QuietDogMan/Content/StarterContent/Textures/T_Metal_Gold_D.uasset" 540
"E:/Documents/GitHub/QuietDogMan/Content/StarterContent/Materials/M_Metal_Gold.uasset" 541
"E:/Documents/GitHub/QuietDogMan/Content/StarterContent/Textures/T_Metal_Rust_D.uasset" 542
"E:/Documents/GitHub/QuietDogMan/Content/StarterContent/Materials/M_Metal_Rust.uasset" 543
"E:/Documents/GitHub/QuietDogMan/Content/StarterContent/Textures/T_Metal_Steel_D.uasset" 544
"E:/Documents/GitHub/QuietDogMan/Content/StarterContent/Textures/T_Metal_Steel_N.uasset" 545
"E:/Documents/GitHub/QuietDogMan/Content/StarterContent/Materials/M_Metal_Steel.uasset" 546
"E:/Documents/GitHub/QuietDogMan/Content/StarterContent/Textures/T_Rock_Basalt_N.uasset" 547
"E:/Documents/GitHub/QuietDogMan/Content/StarterContent/Materials/M_Rock_Basalt.uasset" 548
"E:/Documents/GitHub/QuietDogMan/Content/StarterContent/Materials/M_Rock_Marble_Polished.uasset" 549
"E:/Documents/GitHub/QuietDogMan/Content/StarterContent/Textures/T_Rock_Sandstone_D.uasset" 550
"E:/Documents/GitHub/QuietDogMan/Content/StarterContent/Textures/T_Rock_Sandstone_N.uasset" 551
"E:/Documents/GitHub/QuietDogMan/Content/StarterContent/Materials/M_Rock_Sandstone.uasset" 552
"E:/Documents/GitHub/QuietDogMan/Content/StarterContent/Textures/T_Rock_Slate_D.uasset" 553
"E:/Documents/GitHub/QuietDogMan/Content/StarterContent/Textures/T_Rock_Slate_N.uasset" 554
"E:/Documents/GitHub/QuietDogMan/Content/StarterContent/Materials/M_Rock_Slate.uasset" 555
"E:/Documents/GitHub/QuietDogMan/Content/StarterContent/Textures/T_Checker_Noise_M.uasset" 556
"E:/Documents/GitHub/QuietDogMan/Content/StarterContent/Textures/T_Single_Tile_N.uasset" 557
"E:/Documents/GitHub/QuietDogMan/Content/StarterContent/Textures/T_Tech_Dot_M.uasset" 558
"E:/Documents/GitHub/QuietDogMan/Content/StarterContent/Textures/T_Tech_Dot_N.uasset" 559
"E:/Documents/GitHub/QuietDogMan/Content/StarterContent/Materials/M_Tech_Checker_Dot.uasset" 560
"E:/Documents/GitHub/QuietDogMan/Content/StarterContent/Textures/T_Tech_Hex_Tile_M.uasset" 561
"E:/Documents/GitHub/QuietDogMan/Content/StarterContent/Textures/T_Tech_Hex_Tile_N.uasset" 562
"E:/Documents/GitHub/QuietDogMan/Content/StarterContent/Materials/M_Tech_Hex_Tile.uasset" 563
"E:/Documents/GitHub/QuietDogMan/Content/StarterContent/Materials/M_Tech_Hex_Tile_Pulse.uasset" 564
"E:/Documents/GitHub/QuietDogMan/Content/StarterContent/Textures/T_Tech_Panel_M.uasset" 565
"E:/Documents/GitHub/QuietDogMan/Content/StarterContent/Textures/T_Tech_Panel_N.uasset" 566
"E:/Documents/GitHub/QuietDogMan/Content/StarterContent/Materials/M_Tech_Panel.uasset" 567
"E:/Documents/GitHub/QuietDogMan/Content/StarterContent/Materials/M_Water_Lake.uasset" 568
"E:/Documents/GitHub/QuietDogMan/Content/StarterContent/Textures/T_Water_M.uasset" 569
"E:/Documents/GitHub/QuietDogMan/Content/StarterContent/Materials/M_Water_Ocean.uasset" 570
"E:/Documents/GitHub/QuietDogMan/Content/StarterContent/Textures/T_Wood_Floor_Walnut_D.uasset" 571
"E:/Documents/GitHub/QuietDogMan/Content/StarterContent/Textures/T_Wood_Floor_Walnut_M.uasset" 572
"E:/Documents/GitHub/QuietDogMan/Content/StarterContent/Textures/T_Wood_Floor_Walnut_N.uasset" 573
"E:/Documents/GitHub/QuietDogMan/Content/StarterContent/Materials/M_Wood_Floor_Walnut_Polished.uasset" 574
"../../../Engine/Content/Functions/Engine_MaterialFunctions01/Opacity/AlphaOffset.uasset" 575
"E:/Documents/GitHub/QuietDogMan/Content/StarterContent/Materials/M_Wood_Floor_Walnut_Worn.uasset" 576
"E:/Documents/GitHub/QuietDogMan/Content/StarterContent/Textures/T_Wood_Oak_D.uasset" 577
"E:/Documents/GitHub/QuietDogMan/Content/StarterContent/Textures/T_Wood_Oak_N.uasset" 578
"E:/Documents/GitHub/QuietDogMan/Content/StarterContent/Materials/M_Wood_Oak.uasset" 579
"E:/Documents/GitHub/QuietDogMan/Content/StarterContent/Textures/T_Wood_Pine_D.uasset" 580
"E:/Documents/GitHub/QuietDogMan/Content/StarterContent/Textures/T_Wood_Pine_N.uasset" 581
"E:/Documents/GitHub/QuietDogMan/Content/StarterContent/Materials/M_Wood_Pine.uasset" 582
"E:/Documents/GitHub/QuietDogMan/Content/StarterContent/Textures/T_Wood_Walnut_D.uasset" 583
"E:/Documents/GitHub/QuietDogMan/Content/StarterContent/Textures/T_Wood_Walnut_N.uasset" 584
"E:/Documents/GitHub/QuietDogMan/Content/StarterContent/Materials/M_Wood_Walnut.uasset" 585
"E:/Documents/GitHub/QuietDogMan/Content/StarterContent/Architecture/Wall_400x200.uasset" 586
"E:/Documents/GitHub/QuietDogMan/Content/StarterContent/Architecture/Wall_Door_400x300.uasset" 587
"E:/Documents/GitHub/QuietDogMan/Content/StarterContent/Architecture/Wall_Window_400x300.uasset" 588
"E:/Documents/GitHub/QuietDogMan/Content/StarterContent/Audio/Collapse_Cue.uasset" 589
"E:/Documents/GitHub/QuietDogMan/Content/StarterContent/Audio/Starter_Music_Cue.uasset" 590
"E:/Documents/GitHub/QuietDogMan/Content/StarterContent/Textures/T_Dust_Particle_D.uasset" 591
"E:/Documents/GitHub/QuietDogMan/Content/StarterContent/Particles/Materials/M_Dust_Particle.uasset" 592
"E:/Documents/GitHub/QuietDogMan/Content/StarterContent/Particles/P_Ambient_Dust.uasset" 593
"E:/Documents/GitHub/QuietDogMan/Content/StarterContent/Props/MaterialSphere.uasset" 594
"E:/Documents/GitHub/QuietDogMan/Content/StarterContent/Textures/T_Frame_M.uasset" 595
"E:/Documents/GitHub/QuietDogMan/Content/StarterContent/Textures/T_Frame_N.uasset" 596
"E:/Documents/GitHub/QuietDogMan/Content/StarterContent/Props/Materials/M_Frame.uasset" 597
"E:/Documents/GitHub/QuietDogMan/Content/StarterContent/Props/SM_CornerFrame.uasset" 598
"E:/Documents/GitHub/QuietDogMan/Content/StarterContent/Props/SM_DoorFrame.uasset" 599
"E:/Documents/GitHub/QuietDogMan/Content/StarterContent/Props/SM_GlassWindow.uasset" 600
"E:/Documents/GitHub/QuietDogMan/Content/StarterContent/Props/SM_PillarFrame.uasset" 601
"E:/Documents/GitHub/QuietDogMan/Content/StarterContent/Props/SM_PillarFrame300.uasset" 602
"E:/Documents/GitHub/QuietDogMan/Content/StarterContent/Props/SM_WindowFrame.uasset" 603
"E:/Documents/GitHub/QuietDogMan/Content/StarterContent/Shapes/Shape_Cube.uasset" 604
"E:/Documents/GitHub/QuietDogMan/Content/StarterContent/Shapes/Shape_QuadPyramid.uasset" 605
"E:/Documents/GitHub/QuietDogMan/Content/StarterContent/Shapes/Shape_Sphere.uasset" 606
"E:/Documents/GitHub/QuietDogMan/Content/StarterContent/Maps/StarterMap.umap" 607
"E:/Documents/GitHub/QuietDogMan/Content/Blueprints/Menu.uasset" 608
"E:/Documents/GitHub/QuietDogMan/Content/Audio/Music/Amazing_Grace_2011.uasset" 609
"E:/Documents/GitHub/QuietDogMan/Content/WinLoseScreens/dogManLoseScreen2.uasset" 610
"E:/Documents/GitHub/QuietDogMan/Content/UI/FiredScreenMenu.uasset" 611
"E:/Documents/GitHub/QuietDogMan/Content/ThirdPersonBP/Maps/LoseScreenStrikes.umap" 612
"E:/Documents/GitHub/QuietDogMan/Content/WinLoseScreens/dogManLoseScreen1.uasset" 613
"E:/Documents/GitHub/QuietDogMan/Content/UI/OutOfTimeScreen.uasset" 614
"E:/Documents/GitHub/QuietDogMan/Content/ThirdPersonBP/Maps/LoseScreenTime.umap" 615
"E:/Documents/GitHub/QuietDogMan/Content/Textures/ceilingLight_Diffuse.uasset" 616
"E:/Documents/GitHub/QuietDogMan/Content/Textures/ceilingLight_Emission.uasset" 617
"E:/Documents/GitHub/QuietDogMan/Content/Materials/MAT_CeilingLight.uasset" 618
"E:/Documents/GitHub/QuietDogMan/Content/Models/LightFixture.uasset" 619
"E:/Documents/GitHub/QuietDogMan/Content/Blueprints/LightFixture.uasset" 620
"E:/Documents/GitHub/QuietDogMan/Content/Blueprints/SteamEmitter.uasset" 621
"E:/Documents/GitHub/QuietDogMan/Content/ThirdPersonBP/Maps/MainMenu_BuiltData.uasset" 622
"../../../Engine/Content/Functions/Engine_MaterialFunctions01/Gradient/LinearGradient.uasset" 623
"../../../Engine/Content/Functions/Engine_MaterialFunctions01/ImageAdjustment/CheapContrast.uasset" 624
"../../../Engine/Content/Functions/Engine_MaterialFunctions01/Texturing/WorldAlignedTexture.uasset" 625
"E:/Documents/GitHub/QuietDogMan/Content/Textures/Carpet_Diffuse.uasset" 626
"E:/Documents/GitHub/QuietDogMan/Content/Materials/MAT_Carpet_WorldAlign.uasset" 627
"E:/Documents/GitHub/QuietDogMan/Content/Textures/OfficeCeiling_Albedo.uasset" 628
"E:/Documents/GitHub/QuietDogMan/Content/Textures/OfficeCeiling_Normal.uasset" 629
"E:/Documents/GitHub/QuietDogMan/Content/Textures/OfficeCeiling_Roughness.uasset" 630
"E:/Documents/GitHub/QuietDogMan/Content/Materials/MAT_OfficeCeiling_WorldAlign.uasset" 631
"E:/Documents/GitHub/QuietDogMan/Content/Textures/OfficeWall_Diffuse.uasset" 632
"E:/Documents/GitHub/QuietDogMan/Content/Textures/OfficeWall_Normal.uasset" 633
"E:/Documents/GitHub/QuietDogMan/Content/Materials/MAT_OfficeWall_WorldAlign.uasset" 634
"E:/Documents/GitHub/QuietDogMan/Content/Geometry/Meshes/1M_Cube.uasset" 635
"E:/Documents/GitHub/QuietDogMan/Content/Geometry/Meshes/TemplateFloor.uasset" 636
"E:/Documents/GitHub/QuietDogMan/Content/Textures/chair_Diffuse.uasset" 637
"E:/Documents/GitHub/QuietDogMan/Content/Textures/chair_Metalness.uasset" 638
"E:/Documents/GitHub/QuietDogMan/Content/Textures/chair_Normal.uasset" 639
"E:/Documents/GitHub/QuietDogMan/Content/Textures/chair_Roughness.uasset" 640
"E:/Documents/GitHub/QuietDogMan/Content/Materials/MAT_Chair.uasset" 641
"E:/Documents/GitHub/QuietDogMan/Content/Models/Chair.uasset" 642
"E:/Documents/GitHub/QuietDogMan/Content/Textures/coffeeMug_diffuse_GoodBoy.uasset" 643
"E:/Documents/GitHub/QuietDogMan/Content/Materials/MAT_CoffeeMug_GoodBoy.uasset" 644
"E:/Documents/GitHub/QuietDogMan/Content/Models/CoffeeMug_GoodBoy.uasset" 645
"E:/Documents/GitHub/QuietDogMan/Content/Textures/CPUTower_Diffuse.uasset" 646
"E:/Documents/GitHub/QuietDogMan/Content/Materials/MAT_CPUTower.uasset" 647
"E:/Documents/GitHub/QuietDogMan/Content/Models/CPUTower.uasset" 648
"E:/Documents/GitHub/QuietDogMan/Content/Textures/cubicle_Diffuse.uasset" 649
"E:/Documents/GitHub/QuietDogMan/Content/Textures/cubicle_Normal.uasset" 650
"E:/Documents/GitHub/QuietDogMan/Content/Materials/MAT_Cubicle.uasset" 651
"E:/Documents/GitHub/QuietDogMan/Content/Models/Cubicle.uasset" 652
"E:/Documents/GitHub/QuietDogMan/Content/Textures/computer_Diffuse_DogMan.uasset" 653
"E:/Documents/GitHub/QuietDogMan/Content/Textures/computer_Emission_DogMan.uasset" 654
"E:/Documents/GitHub/QuietDogMan/Content/Materials/MAT_Computer_DogMan.uasset" 655
"E:/Documents/GitHub/QuietDogMan/Content/Models/DogmanComputer.uasset" 656
"E:/Documents/GitHub/QuietDogMan/Content/Materials/MAT_ExerciseBall.uasset" 657
"E:/Documents/GitHub/QuietDogMan/Content/Models/ExerciseBall.uasset" 658
"E:/Documents/GitHub/QuietDogMan/Content/Textures/fileCabinet_Diffuse.uasset" 659
"E:/Documents/GitHub/QuietDogMan/Content/Materials/MAT_FileCabinet.uasset" 660
"E:/Documents/GitHub/QuietDogMan/Content/Models/FileCabinet.uasset" 661
"E:/Documents/GitHub/QuietDogMan/Content/Textures/computer_Diffuse_Human_01.uasset" 662
"E:/Documents/GitHub/QuietDogMan/Content/Textures/computer_Emission_Human_01.uasset" 663
"E:/Documents/GitHub/QuietDogMan/Content/Materials/MAT_Computer_Human_01.uasset" 664
"E:/Documents/GitHub/QuietDogMan/Content/Models/HumanComputer.uasset" 665
"E:/Documents/GitHub/QuietDogMan/Content/Textures/keyboard_diffuse.uasset" 666
"E:/Documents/GitHub/QuietDogMan/Content/Materials/MAT_Keyboard.uasset" 667
"E:/Documents/GitHub/QuietDogMan/Content/Models/Keyboard.uasset" 668
"E:/Documents/GitHub/QuietDogMan/Content/Textures/memo_Diffuse.uasset" 669
"E:/Documents/GitHub/QuietDogMan/Content/Materials/MAT_Memo.uasset" 670
"E:/Documents/GitHub/QuietDogMan/Content/Models/Memo.uasset" 671
"E:/Documents/GitHub/QuietDogMan/Content/Materials/MAT_Mouse.uasset" 672
"E:/Documents/GitHub/QuietDogMan/Content/Models/Mouse.uasset" 673
"E:/Documents/GitHub/QuietDogMan/Content/Textures/paperStack_Diffuse.uasset" 674
"E:/Documents/GitHub/QuietDogMan/Content/Materials/MAT_PaperStack.uasset" 675
"E:/Documents/GitHub/QuietDogMan/Content/Models/PaperStack.uasset" 676
"E:/Documents/GitHub/QuietDogMan/Content/Textures/penCup1.uasset" 677
"E:/Documents/GitHub/QuietDogMan/Content/Textures/penCup_Metalness.uasset" 678
"E:/Documents/GitHub/QuietDogMan/Content/Materials/MAT_PenCup.uasset" 679
"E:/Documents/GitHub/QuietDogMan/Content/Materials/blinn9.uasset" 680
"E:/Documents/GitHub/QuietDogMan/Content/Models/PenCup.uasset" 681
"E:/Documents/GitHub/QuietDogMan/Content/Textures/DontJoinAUnion.uasset" 682
"E:/Documents/GitHub/QuietDogMan/Content/Materials/MAT_dontJoinAUnion.uasset" 683
"E:/Documents/GitHub/QuietDogMan/Content/Materials/MAT_Frame.uasset" 684
"E:/Documents/GitHub/QuietDogMan/Content/Models/Poster_DontJoinAUnion.uasset" 685
"E:/Documents/GitHub/QuietDogMan/Content/Textures/HangInTherePoster.uasset" 686
"E:/Documents/GitHub/QuietDogMan/Content/Materials/MAT_hangInThere.uasset" 687
"E:/Documents/GitHub/QuietDogMan/Content/Models/Poster_HangInThere.uasset" 688
"E:/Documents/GitHub/QuietDogMan/Content/Textures/PerseverancePoster.uasset" 689
"E:/Documents/GitHub/QuietDogMan/Content/Materials/MAT_perseverance.uasset" 690
"E:/Documents/GitHub/QuietDogMan/Content/Models/Poster_Perseverance.uasset" 691
"E:/Documents/GitHub/QuietDogMan/Content/Textures/stapler_Diffuse.uasset" 692
"E:/Documents/GitHub/QuietDogMan/Content/Textures/stapler_Metalness.uasset" 693
"E:/Documents/GitHub/QuietDogMan/Content/Materials/MAT_Stapler.uasset" 694
"E:/Documents/GitHub/QuietDogMan/Content/Models/Stapler.uasset" 695
"E:/Documents/GitHub/QuietDogMan/Content/Textures/table_Diffuse.uasset" 696
"E:/Documents/GitHub/QuietDogMan/Content/Materials/MAT_Table.uasset" 697
"E:/Documents/GitHub/QuietDogMan/Content/Models/Table.uasset" 698
"E:/Documents/GitHub/QuietDogMan/Content/Sounds/officeAmbiance.uasset" 699
"E:/Documents/GitHub/QuietDogMan/Content/Textures/QuietDogManLogo.uasset" 700
"E:/Documents/GitHub/QuietDogMan/Content/UI/Credits.uasset" 701
"E:/Documents/GitHub/QuietDogMan/Content/UI/HowToPlay.uasset" 702
"E:/Documents/GitHub/QuietDogMan/Content/UI/Options.uasset" 703
"E:/Documents/GitHub/QuietDogMan/Content/UI/MainMenu.uasset" 704
"E:/Documents/GitHub/QuietDogMan/Content/ThirdPersonBP/Maps/MainMenu.umap" 705
"E:/Documents/GitHub/QuietDogMan/Content/Materials/MAT_Blinds.uasset" 706
"E:/Documents/GitHub/QuietDogMan/Content/Materials/MAT_OutsideLight.uasset" 707
"E:/Documents/GitHub/QuietDogMan/Content/Materials/MAT_Plastic_White.uasset" 708
"E:/Documents/GitHub/QuietDogMan/Content/Materials/MAT_Thread.uasset" 709
"E:/Documents/GitHub/QuietDogMan/Content/Materials/MAT_WindowFrame.uasset" 710
"E:/Documents/GitHub/QuietDogMan/Content/Models/Window.uasset" 711
"E:/Documents/GitHub/QuietDogMan/Content/Blueprints/Window.uasset" 712
"E:/Documents/GitHub/QuietDogMan/Content/ThirdPersonBP/Maps/ThirdPersonExampleMap_BuiltData.uasset" 713
"E:/Documents/GitHub/QuietDogMan/Content/Audio/Music/March_of_the_Spoons.uasset" 714
"E:/Documents/GitHub/QuietDogMan/Content/Textures/clock_Diffuse.uasset" 715
"E:/Documents/GitHub/QuietDogMan/Content/Materials/MAT_Clock.uasset" 716
"E:/Documents/GitHub/QuietDogMan/Content/Models/Clock.uasset" 717
"E:/Documents/GitHub/QuietDogMan/Content/Textures/coffeeMug_diffuse_Human.uasset" 718
"E:/Documents/GitHub/QuietDogMan/Content/Materials/MAT_CoffeeMug_Human.uasset" 719
"E:/Documents/GitHub/QuietDogMan/Content/Models/CoffeeMug_Human.uasset" 720
"E:/Documents/GitHub/QuietDogMan/Content/Textures/coffeeMug_diffuse_Work.uasset" 721
"E:/Documents/GitHub/QuietDogMan/Content/Materials/MAT_CoffeeMug_Work.uasset" 722
"E:/Documents/GitHub/QuietDogMan/Content/Models/CoffeeMug_Work.uasset" 723
"E:/Documents/GitHub/QuietDogMan/Content/Textures/door_Diffuse.uasset" 724
"E:/Documents/GitHub/QuietDogMan/Content/Textures/door_Normal.uasset" 725
"E:/Documents/GitHub/QuietDogMan/Content/Materials/MAT_Door.uasset" 726
"E:/Documents/GitHub/QuietDogMan/Content/Models/Door.uasset" 727
"E:/Documents/GitHub/QuietDogMan/Content/Materials/MAT_DoorFrame.uasset" 728
"E:/Documents/GitHub/QuietDogMan/Content/Models/DoorFrame.uasset" 729
"E:/Documents/GitHub/QuietDogMan/Content/Textures/Dirt_Diffuse.uasset" 730
"E:/Documents/GitHub/QuietDogMan/Content/Textures/Dirt_Normal.uasset" 731
"E:/Documents/GitHub/QuietDogMan/Content/Materials/MAT_Dirt.uasset" 732
"E:/Documents/GitHub/QuietDogMan/Content/Textures/ficusBark_Diffuse.uasset" 733
"E:/Documents/GitHub/QuietDogMan/Content/Textures/ficusBark_Normal.uasset" 734
"E:/Documents/GitHub/QuietDogMan/Content/Materials/MAT_FicusBark.uasset" 735
"E:/Documents/GitHub/QuietDogMan/Content/Textures/Leaf_Diffuse.uasset" 736
"E:/Documents/GitHub/QuietDogMan/Content/Textures/Leaf_Normal.uasset" 737
"E:/Documents/GitHub/QuietDogMan/Content/Textures/Leaf_Transparency.uasset" 738
"E:/Documents/GitHub/QuietDogMan/Content/Materials/MAT_Leaf.uasset" 739
"E:/Documents/GitHub/QuietDogMan/Content/Materials/MAT_Pot.uasset" 740
"E:/Documents/GitHub/QuietDogMan/Content/Materials/MAT_Stem.uasset" 741
"E:/Documents/GitHub/QuietDogMan/Content/Models/FicusTree.uasset" 742
"E:/Documents/GitHub/QuietDogMan/Content/Models/Poster_DontJoinAUnion1.uasset" 743
"E:/Documents/GitHub/QuietDogMan/Content/Materials/MAT_Trashbin.uasset" 744
"E:/Documents/GitHub/QuietDogMan/Content/Models/TrashBin.uasset" 745
"E:/Documents/GitHub/QuietDogMan/Content/Materials/MAT_PlasticJug.uasset" 746
"E:/Documents/GitHub/QuietDogMan/Content/Materials/MAT_Water.uasset" 747
"E:/Documents/GitHub/QuietDogMan/Content/Textures/waterCooler_Diffuse.uasset" 748
"E:/Documents/GitHub/QuietDogMan/Content/Materials/MAT_WaterCooler.uasset" 749
"E:/Documents/GitHub/QuietDogMan/Content/Models/WaterCooler.uasset" 750
"E:/Documents/GitHub/QuietDogMan/Content/ThirdPersonBP/Maps/ThirdPersonExampleMap.umap" 751
"E:/Documents/GitHub/QuietDogMan/Content/WinLoseScreens/dogManWinScreen.uasset" 752
"E:/Documents/GitHub/QuietDogMan/Content/UI/WinScreenMEnu.uasset" 753
"E:/Documents/GitHub/QuietDogMan/Content/ThirdPersonBP/Maps/WinScreen.umap" 754
"../../../Engine/Content/Maps/Entry_BuiltData.uasset" 755
"../../../Engine/Content/Maps/Entry.umap" 756
